<?xml version="1.0" encoding="UTF-8"?>
<testsuite xmlns:xsi="http://www.w3.org/2001/XMLSchema-instance" xsi:noNamespaceSchemaLocation="https://maven.apache.org/surefire/maven-surefire-plugin/xsd/surefire-test-report-3.0.xsd" version="3.0" name="com.planifai.view.MainFrameTest" time="7.652" tests="5" errors="0" skipped="0" failures="5">
  <properties>
[...]
</properties>
  <testcase name="testCargarAulas" classname="com.planifai.view.MainFrameTest" time="2.579">
    <failure message="The test case is a prototype." type="org.opentest4j.AssertionFailedError"><![CDATA[org.opentest4j.AssertionFailedError: The test case is a prototype.
	at org.junit.jupiter.api.AssertionUtils.fail(AssertionUtils.java:38)
	at org.junit.jupiter.api.Assertions.fail(Assertions.java:138)
	at com.planifai.view.MainFrameTest.testCargarAulas(MainFrameTest.java:48)
	at java.base/java.lang.reflect.Method.invoke(Method.java:580)
	at java.base/java.util.ArrayList.forEach(ArrayList.java:1596)
	at java.base/java.util.ArrayList.forEach(ArrayList.java:1596)
]]></failure>
    <system-out><![CDATA[Conexión exitosa a la base de datos
Conexión exitosa a la base de datos
Cantidad de eventos obtenidos: 5
Documento: Plan de clase de matemáticas
Documento: Evaluación de historia
Documento: Plan de clase de matemáticas
Documento: Evaluación de historia
Documento: Título del Documento 1
Conexión exitosa a la base de datos
Cantidad de eventos obtenidos: 1
Evento: Reunión de coordinación
Conexión exitosa a la base de datos
Cantidad de eventos obtenidos: 5
Documento: Plan de clase de matemáticas
Documento: Evaluación de historia
Documento: Plan de clase de matemáticas
Documento: Evaluación de historia
Documento: Título del Documento 1
Conexión exitosa a la base de datos
Cantidad de eventos obtenidos: 1
Evento: Reunión de coordinación
Conexión exitosa a la base de datos
Cantidad de eventos obtenidos: 5
Documento: Plan de clase de matemáticas
Documento: Evaluación de historia
Documento: Plan de clase de matemáticas
Documento: Evaluación de historia
Documento: Título del Documento 1
Conexión exitosa a la base de datos
Cantidad de eventos obtenidos: 1
Evento: Reunión de coordinación
Conexión exitosa a la base de datos
Evento: Reunión de coordinación
Conexión exitosa a la base de datos
Documento: Plan de clase de matemáticas
Documento: Evaluación de historia
Documento: Plan de clase de matemáticas
Documento: Evaluación de historia
Documento: Título del Documento 1
cargarAulas
Conexión exitosa a la base de datos
Conexión exitosa a la base de datos
Cantidad de eventos obtenidos: 5
Documento: Plan de clase de matemáticas
Documento: Evaluación de historia
Documento: Plan de clase de matemáticas
Documento: Evaluación de historia
Documento: Título del Documento 1
Conexión exitosa a la base de datos
Cantidad de eventos obtenidos: 1
Evento: Reunión de coordinación
Conexión exitosa a la base de datos
Cantidad de eventos obtenidos: 5
Documento: Plan de clase de matemáticas
Documento: Evaluación de historia
Documento: Plan de clase de matemáticas
Documento: Evaluación de historia
Documento: Título del Documento 1
Conexión exitosa a la base de datos
Cantidad de eventos obtenidos: 1
Evento: Reunión de coordinación
Conexión exitosa a la base de datos
Cantidad de eventos obtenidos: 5
Documento: Plan de clase de matemáticas
Documento: Evaluación de historia
Documento: Plan de clase de matemáticas
Documento: Evaluación de historia
Documento: Título del Documento 1
Conexión exitosa a la base de datos
Cantidad de eventos obtenidos: 1
Evento: Reunión de coordinación
Conexión exitosa a la base de datos
Evento: Reunión de coordinación
Conexión exitosa a la base de datos
Documento: Plan de clase de matemáticas
Documento: Evaluación de historia
Documento: Plan de clase de matemáticas
Documento: Evaluación de historia
Documento: Título del Documento 1
Conexión exitosa a la base de datos
Conexión exitosa a la base de datos
Cantidad de eventos obtenidos: 5
Documento: Plan de clase de matemáticas
Documento: Evaluación de historia
Documento: Plan de clase de matemáticas
Documento: Evaluación de historia
Documento: Título del Documento 1
Conexión exitosa a la base de datos
Cantidad de eventos obtenidos: 1
Evento: Reunión de coordinación
Conexión exitosa a la base de datos
Cantidad de eventos obtenidos: 5
Documento: Plan de clase de matemáticas
Documento: Evaluación de historia
Documento: Plan de clase de matemáticas
Documento: Evaluación de historia
Documento: Título del Documento 1
Conexión exitosa a la base de datos
Cantidad de eventos obtenidos: 1
Evento: Reunión de coordinación
Conexión exitosa a la base de datos
Cantidad de eventos obtenidos: 5
Documento: Plan de clase de matemáticas
Documento: Evaluación de historia
Documento: Plan de clase de matemáticas
Documento: Evaluación de historia
Documento: Título del Documento 1
Conexión exitosa a la base de datos
Cantidad de eventos obtenidos: 1
Evento: Reunión de coordinación
]]></system-out>
  </testcase>
  <testcase name="testCargarEventos" classname="com.planifai.view.MainFrameTest" time="1.072">
    <failure message="The test case is a prototype." type="org.opentest4j.AssertionFailedError"><![CDATA[org.opentest4j.AssertionFailedError: The test case is a prototype.
	at org.junit.jupiter.api.AssertionUtils.fail(AssertionUtils.java:38)
	at org.junit.jupiter.api.Assertions.fail(Assertions.java:138)
	at com.planifai.view.MainFrameTest.testCargarEventos(MainFrameTest.java:60)
	at java.base/java.lang.reflect.Method.invoke(Method.java:580)
	at java.base/java.util.ArrayList.forEach(ArrayList.java:1596)
	at java.base/java.util.ArrayList.forEach(ArrayList.java:1596)
]]></failure>
    <system-out><![CDATA[Conexión exitosa a la base de datos
Conexión exitosa a la base de datos
Cantidad de eventos obtenidos: 5
Documento: Plan de clase de matemáticas
Documento: Evaluación de historia
Documento: Plan de clase de matemáticas
Documento: Evaluación de historia
Documento: Título del Documento 1
Conexión exitosa a la base de datos
Cantidad de eventos obtenidos: 1
Evento: Reunión de coordinación
Conexión exitosa a la base de datos
Cantidad de eventos obtenidos: 5
Documento: Plan de clase de matemáticas
Documento: Evaluación de historia
Documento: Plan de clase de matemáticas
Documento: Evaluación de historia
Documento: Título del Documento 1
Conexión exitosa a la base de datos
Cantidad de eventos obtenidos: 1
Evento: Reunión de coordinación
Conexión exitosa a la base de datos
Cantidad de eventos obtenidos: 5
Documento: Plan de clase de matemáticas
Documento: Evaluación de historia
Documento: Plan de clase de matemáticas
Documento: Evaluación de historia
Documento: Título del Documento 1
Conexión exitosa a la base de datos
Cantidad de eventos obtenidos: 1
Evento: Reunión de coordinación
Conexión exitosa a la base de datos
Evento: Reunión de coordinación
Conexión exitosa a la base de datos
Documento: Plan de clase de matemáticas
Documento: Evaluación de historia
Documento: Plan de clase de matemáticas
Documento: Evaluación de historia
Documento: Título del Documento 1
cargarEventos
Conexión exitosa a la base de datos
Conexión exitosa a la base de datos
Cantidad de eventos obtenidos: 5
Documento: Plan de clase de matemáticas
Documento: Evaluación de historia
Documento: Plan de clase de matemáticas
Documento: Evaluación de historia
Documento: Título del Documento 1
Conexión exitosa a la base de datos
Cantidad de eventos obtenidos: 1
Evento: Reunión de coordinación
Conexión exitosa a la base de datos
Cantidad de eventos obtenidos: 5
Documento: Plan de clase de matemáticas
Documento: Evaluación de historia
Documento: Plan de clase de matemáticas
Documento: Evaluación de historia
Documento: Título del Documento 1
Conexión exitosa a la base de datos
Cantidad de eventos obtenidos: 1
Evento: Reunión de coordinación
Conexión exitosa a la base de datos
Cantidad de eventos obtenidos: 5
Documento: Plan de clase de matemáticas
Documento: Evaluación de historia
Documento: Plan de clase de matemáticas
Documento: Evaluación de historia
Documento: Título del Documento 1
Conexión exitosa a la base de datos
Cantidad de eventos obtenidos: 1
Evento: Reunión de coordinación
Conexión exitosa a la base de datos
Evento: Reunión de coordinación
Conexión exitosa a la base de datos
Documento: Plan de clase de matemáticas
Documento: Evaluación de historia
Documento: Plan de clase de matemáticas
Documento: Evaluación de historia
Documento: Título del Documento 1
Conexión exitosa a la base de datos
Evento: Reunión de coordinación
]]></system-out>
  </testcase>
  <testcase name="testMain" classname="com.planifai.view.MainFrameTest" time="0.775">
    <failure message="The test case is a prototype." type="org.opentest4j.AssertionFailedError"><![CDATA[org.opentest4j.AssertionFailedError: The test case is a prototype.
	at org.junit.jupiter.api.AssertionUtils.fail(AssertionUtils.java:38)
	at org.junit.jupiter.api.Assertions.fail(Assertions.java:138)
	at com.planifai.view.MainFrameTest.testMain(MainFrameTest.java:84)
	at java.base/java.lang.reflect.Method.invoke(Method.java:580)
	at java.base/java.util.ArrayList.forEach(ArrayList.java:1596)
	at java.base/java.util.ArrayList.forEach(ArrayList.java:1596)
]]></failure>
    <system-out><![CDATA[Conexión exitosa a la base de datos
Conexión exitosa a la base de datos
Cantidad de eventos obtenidos: 5
Documento: Plan de clase de matemáticas
Documento: Evaluación de historia
Documento: Plan de clase de matemáticas
Documento: Evaluación de historia
Documento: Título del Documento 1
Conexión exitosa a la base de datos
Cantidad de eventos obtenidos: 1
Evento: Reunión de coordinación
Conexión exitosa a la base de datos
Cantidad de eventos obtenidos: 5
Documento: Plan de clase de matemáticas
Documento: Evaluación de historia
Documento: Plan de clase de matemáticas
Documento: Evaluación de historia
Documento: Título del Documento 1
Conexión exitosa a la base de datos
Cantidad de eventos obtenidos: 1
Evento: Reunión de coordinación
Conexión exitosa a la base de datos
Cantidad de eventos obtenidos: 5
Documento: Plan de clase de matemáticas
Documento: Evaluación de historia
Documento: Plan de clase de matemáticas
Documento: Evaluación de historia
Documento: Título del Documento 1
Conexión exitosa a la base de datos
Cantidad de eventos obtenidos: 1
Evento: Reunión de coordinación
Conexión exitosa a la base de datos
Evento: Reunión de coordinación
Conexión exitosa a la base de datos
Documento: Plan de clase de matemáticas
Documento: Evaluación de historia
Documento: Plan de clase de matemáticas
Documento: Evaluación de historia
Documento: Título del Documento 1
main
]]></system-out>
  </testcase>
  <testcase name="testCargarDocumentos" classname="com.planifai.view.MainFrameTest" time="1.589">
    <failure message="The test case is a prototype." type="org.opentest4j.AssertionFailedError"><![CDATA[org.opentest4j.AssertionFailedError: The test case is a prototype.
	at org.junit.jupiter.api.AssertionUtils.fail(AssertionUtils.java:38)
	at org.junit.jupiter.api.Assertions.fail(Assertions.java:138)
	at com.planifai.view.MainFrameTest.testCargarDocumentos(MainFrameTest.java:72)
	at java.base/java.lang.reflect.Method.invoke(Method.java:580)
	at java.base/java.util.ArrayList.forEach(ArrayList.java:1596)
	at java.base/java.util.ArrayList.forEach(ArrayList.java:1596)
]]></failure>
    <system-out><![CDATA[Conexión exitosa a la base de datos
Conexión exitosa a la base de datos
Conexión exitosa a la base de datos
Cantidad de eventos obtenidos: 5
Documento: Plan de clase de matemáticas
Documento: Evaluación de historia
Documento: Plan de clase de matemáticas
Documento: Evaluación de historia
Documento: Título del Documento 1
Conexión exitosa a la base de datos
Cantidad de eventos obtenidos: 5
Documento: Plan de clase de matemáticas
Documento: Evaluación de historia
Documento: Plan de clase de matemáticas
Documento: Evaluación de historia
Documento: Título del Documento 1
Conexión exitosa a la base de datos
Cantidad de eventos obtenidos: 1
Evento: Reunión de coordinación
Conexión exitosa a la base de datos
Cantidad de eventos obtenidos: 1
Evento: Reunión de coordinación
Conexión exitosa a la base de datos
Cantidad de eventos obtenidos: 5
Documento: Plan de clase de matemáticas
Documento: Evaluación de historia
Documento: Plan de clase de matemáticas
Documento: Evaluación de historia
Documento: Título del Documento 1
Conexión exitosa a la base de datos
Cantidad de eventos obtenidos: 5
Documento: Plan de clase de matemáticas
Documento: Evaluación de historia
Documento: Plan de clase de matemáticas
Documento: Evaluación de historia
Documento: Título del Documento 1
Conexión exitosa a la base de datos
Cantidad de eventos obtenidos: 1
Evento: Reunión de coordinación
Conexión exitosa a la base de datos
Cantidad de eventos obtenidos: 1
Evento: Reunión de coordinación
Conexión exitosa a la base de datos
Cantidad de eventos obtenidos: 5
Documento: Plan de clase de matemáticas
Documento: Evaluación de historia
Documento: Plan de clase de matemáticas
Documento: Evaluación de historia
Documento: Título del Documento 1
Conexión exitosa a la base de datos
Cantidad de eventos obtenidos: 1
Evento: Reunión de coordinación
Conexión exitosa a la base de datos
Evento: Reunión de coordinación
Conexión exitosa a la base de datos
Cantidad de eventos obtenidos: 5
Documento: Plan de clase de matemáticas
Documento: Evaluación de historia
Documento: Plan de clase de matemáticas
Documento: Evaluación de historia
Documento: Título del Documento 1
Conexión exitosa a la base de datos
Documento: Plan de clase de matemáticas
Documento: Evaluación de historia
Documento: Plan de clase de matemáticas
Documento: Evaluación de historia
Documento: Título del Documento 1
Conexión exitosa a la base de datos
Cantidad de eventos obtenidos: 1
Evento: Reunión de coordinación
Conexión exitosa a la base de datos
Evento: Reunión de coordinación
Conexión exitosa a la base de datos
Documento: Plan de clase de matemáticas
Documento: Evaluación de historia
Documento: Plan de clase de matemáticas
Documento: Evaluación de historia
Documento: Título del Documento 1
cargarDocumentos
Conexión exitosa a la base de datos
Conexión exitosa a la base de datos
Cantidad de eventos obtenidos: 5
Documento: Plan de clase de matemáticas
Documento: Evaluación de historia
Documento: Plan de clase de matemáticas
Documento: Evaluación de historia
Documento: Título del Documento 1
Conexión exitosa a la base de datos
Cantidad de eventos obtenidos: 1
Evento: Reunión de coordinación
Conexión exitosa a la base de datos
Cantidad de eventos obtenidos: 5
Documento: Plan de clase de matemáticas
Documento: Evaluación de historia
Documento: Plan de clase de matemáticas
Documento: Evaluación de historia
Documento: Título del Documento 1
Conexión exitosa a la base de datos
Cantidad de eventos obtenidos: 1
Evento: Reunión de coordinación
Conexión exitosa a la base de datos
Cantidad de eventos obtenidos: 5
Documento: Plan de clase de matemáticas
Documento: Evaluación de historia
Documento: Plan de clase de matemáticas
Documento: Evaluación de historia
Documento: Título del Documento 1
Conexión exitosa a la base de datos
Cantidad de eventos obtenidos: 1
Evento: Reunión de coordinación
Conexión exitosa a la base de datos
Evento: Reunión de coordinación
Conexión exitosa a la base de datos
Documento: Plan de clase de matemáticas
Documento: Evaluación de historia
Documento: Plan de clase de matemáticas
Documento: Evaluación de historia
Documento: Título del Documento 1
Conexión exitosa a la base de datos
Documento: Plan de clase de matemáticas
Documento: Evaluación de historia
Documento: Plan de clase de matemáticas
Documento: Evaluación de historia
Documento: Título del Documento 1
]]></system-out>
  </testcase>
  <testcase name="testOnAulaChanged" classname="com.planifai.view.MainFrameTest" time="1.589">
    <failure message="The test case is a prototype." type="org.opentest4j.AssertionFailedError"><![CDATA[org.opentest4j.AssertionFailedError: The test case is a prototype.
	at org.junit.jupiter.api.AssertionUtils.fail(AssertionUtils.java:38)
	at org.junit.jupiter.api.Assertions.fail(Assertions.java:138)
	at com.planifai.view.MainFrameTest.testOnAulaChanged(MainFrameTest.java:96)
	at java.base/java.lang.reflect.Method.invoke(Method.java:580)
	at java.base/java.util.ArrayList.forEach(ArrayList.java:1596)
	at java.base/java.util.ArrayList.forEach(ArrayList.java:1596)
]]></failure>
    <system-out><![CDATA[Conexión exitosa a la base de datos
Conexión exitosa a la base de datos
Cantidad de eventos obtenidos: 5
Documento: Plan de clase de matemáticas
Documento: Evaluación de historia
Documento: Plan de clase de matemáticas
Documento: Evaluación de historia
Documento: Título del Documento 1
Conexión exitosa a la base de datos
Cantidad de eventos obtenidos: 1
Evento: Reunión de coordinación
Conexión exitosa a la base de datos
Cantidad de eventos obtenidos: 5
Documento: Plan de clase de matemáticas
Documento: Evaluación de historia
Documento: Plan de clase de matemáticas
Documento: Evaluación de historia
Documento: Título del Documento 1
Conexión exitosa a la base de datos
Cantidad de eventos obtenidos: 1
Evento: Reunión de coordinación
Conexión exitosa a la base de datos
Cantidad de eventos obtenidos: 5
Documento: Plan de clase de matemáticas
Documento: Evaluación de historia
Documento: Plan de clase de matemáticas
Documento: Evaluación de historia
Documento: Título del Documento 1
Conexión exitosa a la base de datos
Cantidad de eventos obtenidos: 1
Evento: Reunión de coordinación
Conexión exitosa a la base de datos
Evento: Reunión de coordinación
Conexión exitosa a la base de datos
Documento: Plan de clase de matemáticas
Documento: Evaluación de historia
Documento: Plan de clase de matemáticas
Documento: Evaluación de historia
Documento: Título del Documento 1
onAulaChanged
Conexión exitosa a la base de datos
Conexión exitosa a la base de datos
Cantidad de eventos obtenidos: 5
Documento: Plan de clase de matemáticas
Documento: Evaluación de historia
Documento: Plan de clase de matemáticas
Documento: Evaluación de historia
Documento: Título del Documento 1
Conexión exitosa a la base de datos
Cantidad de eventos obtenidos: 1
Evento: Reunión de coordinación
Conexión exitosa a la base de datos
Cantidad de eventos obtenidos: 5
Documento: Plan de clase de matemáticas
Documento: Evaluación de historia
Documento: Plan de clase de matemáticas
Documento: Evaluación de historia
Documento: Título del Documento 1
Conexión exitosa a la base de datos
Cantidad de eventos obtenidos: 1
Evento: Reunión de coordinación
Conexión exitosa a la base de datos
Cantidad de eventos obtenidos: 5
Documento: Plan de clase de matemáticas
Documento: Evaluación de historia
Documento: Plan de clase de matemáticas
Documento: Evaluación de historia
Documento: Título del Documento 1
Conexión exitosa a la base de datos
Cantidad de eventos obtenidos: 1
Evento: Reunión de coordinación
Conexión exitosa a la base de datos
Evento: Reunión de coordinación
Conexión exitosa a la base de datos
Documento: Plan de clase de matemáticas
Documento: Evaluación de historia
Documento: Plan de clase de matemáticas
Documento: Evaluación de historia
Documento: Título del Documento 1
Conexión exitosa a la base de datos
Conexión exitosa a la base de datos
Cantidad de eventos obtenidos: 5
Documento: Plan de clase de matemáticas
Documento: Evaluación de historia
Documento: Plan de clase de matemáticas
Documento: Evaluación de historia
Documento: Título del Documento 1
Conexión exitosa a la base de datos
Cantidad de eventos obtenidos: 1
Evento: Reunión de coordinación
Conexión exitosa a la base de datos
Cantidad de eventos obtenidos: 5
Documento: Plan de clase de matemáticas
Documento: Evaluación de historia
Documento: Plan de clase de matemáticas
Documento: Evaluación de historia
Documento: Título del Documento 1
Conexión exitosa a la base de datos
Cantidad de eventos obtenidos: 1
Evento: Reunión de coordinación
Conexión exitosa a la base de datos
Cantidad de eventos obtenidos: 5
Documento: Plan de clase de matemáticas
Documento: Evaluación de historia
Documento: Plan de clase de matemáticas
Documento: Evaluación de historia
Documento: Título del Documento 1
Conexión exitosa a la base de datos
Cantidad de eventos obtenidos: 1
Evento: Reunión de coordinación
]]></system-out>
  </testcase>
</testsuite>